Using pre-set license

 COMMAND LINE ARGUMENTS:
/Applications/Unity/Hub/Editor/2020.2.2f1/Unity.app/Contents/MacOS/Unity
-adb2
-batchMode
-noUpm
-name
AssetImportWorker0
-projectPath
/Users/david/Documents/GitHub/LoyolaDigitalArt2021/Unity/intro2unity
-logFile
Logs/AssetImportWorker0.log
-srvPort
51582
Successfully changed project path to: /Users/david/Documents/GitHub/LoyolaDigitalArt2021/Unity/intro2unity
/Users/david/Documents/GitHub/LoyolaDigitalArt2021/Unity/intro2unity
Using Asset Import Pipeline V2.
Refreshing native plugins compatible for Editor in 27.37 ms, found 1 plugins.
Preloading 0 native plugins for Editor in 0.00 ms.
Initialize engine version: 2020.2.2f1 (068178b99f32)
[Subsystems] Discovering subsystems at path /Applications/Unity/Hub/Editor/2020.2.2f1/Unity.app/Contents/Resources/UnitySubsystems
[Subsystems] Discovering subsystems at path /Users/david/Documents/GitHub/LoyolaDigitalArt2021/Unity/intro2unity/Assets
GfxDevice: creating device client; threaded=0
2021-09-01 21:49:47.993 Unity[48833:1348359] Color LCD preferred device: NVIDIA GeForce GT 750M (high power)
2021-09-01 21:49:47.993 Unity[48833:1348359] Metal devices available: 2
2021-09-01 21:49:47.993 Unity[48833:1348359] 0: NVIDIA GeForce GT 750M (high power)
2021-09-01 21:49:47.993 Unity[48833:1348359] 1: Intel Iris Pro Graphics (low power)
2021-09-01 21:49:47.994 Unity[48833:1348359] Using device NVIDIA GeForce GT 750M (high power)
Initializing Metal device caps: NVIDIA GeForce GT 750M
Initialize mono
Mono path[0] = '/Applications/Unity/Hub/Editor/2020.2.2f1/Unity.app/Contents/Managed'
Mono path[1] = '/Applications/Unity/Hub/Editor/2020.2.2f1/Unity.app/Contents/MonoBleedingEdge/lib/mono/unityjit'
Mono config path = '/Applications/Unity/Hub/Editor/2020.2.2f1/Unity.app/Contents/MonoBleedingEdge/etc'
Using monoOptions --debugger-agent=transport=dt_socket,embedding=1,server=y,suspend=n,address=127.0.0.1:56833
Begin MonoManager ReloadAssembly
Registering precompiled unity dll's ...
Register platform support module: /Applications/Unity/Hub/Editor/2020.2.2f1/PlaybackEngines/WebGLSupport/UnityEditor.WebGL.Extensions.dll
Register platform support module: /Applications/Unity/Hub/Editor/2020.2.2f1/Unity.app/Contents/PlaybackEngines/MacStandaloneSupport/UnityEditor.OSXStandalone.Extensions.dll
Register platform support module: /Applications/Unity/Hub/Editor/2020.2.2f1/PlaybackEngines/WindowsStandaloneSupport/UnityEditor.WindowsStandalone.Extensions.dll
Registered in 0.000974 seconds.
Native extension for WindowsStandalone target not found
Native extension for OSXStandalone target not found
Native extension for WebGL target not found
Refreshing native plugins compatible for Editor in 27.51 ms, found 1 plugins.
Preloading 0 native plugins for Editor in 0.00 ms.
Invoked RoslynAnalysisRunner static constructor.
RoslynAnalysisRunner will not be running.
RoslynAnalysisRunner has terminated.
Mono: successfully reloaded assembly
- Completed reload, in  1.842 seconds
Platform modules already initialized, skipping
Registering precompiled user dll's ...
Registered in 0.000681 seconds.
Begin MonoManager ReloadAssembly
Native extension for WindowsStandalone target not found
Native extension for OSXStandalone target not found
Native extension for WebGL target not found
Refreshing native plugins compatible for Editor in 0.39 ms, found 1 plugins.
Preloading 0 native plugins for Editor in 0.00 ms.
Invoked RoslynAnalysisRunner static constructor.
RoslynAnalysisRunner will not be running.
RoslynAnalysisRunner has terminated.
Mono: successfully reloaded assembly
- Completed reload, in  1.197 seconds
Platform modules already initialized, skipping
========================================================================
Worker process is ready to serve import requests
Launching external process: /Applications/Unity/Hub/Editor/2020.2.2f1/Unity.app/Contents/Tools/UnityShaderCompiler
Launched and connected shader compiler UnityShaderCompiler after 0.01 seconds
Refreshing native plugins compatible for Editor in 0.29 ms, found 1 plugins.
Preloading 0 native plugins for Editor in 0.00 ms.
Unloading 1099 Unused Serialized files (Serialized files now loaded: 0)
System memory in use before: 107.4 MB.
System memory in use after: 107.4 MB.

Unloading 10 unused Assets to reduce memory usage. Loaded Objects now: 1540.
Total: 2.397921 ms (FindLiveObjects: 0.230317 ms CreateObjectMapping: 0.096562 ms MarkObjects: 1.975961 ms  DeleteObjects: 0.092568 ms)

========================================================================
Received Import Request.
  path: Assets/Scenes
  artifactKey: Guid(432ee7528258c4bbaad76f83a4bdb110) Importer(815301076,1909f56bfc062723c751e8b465ee728b)
Start importing Assets/Scenes using Guid(432ee7528258c4bbaad76f83a4bdb110) Importer(815301076,1909f56bfc062723c751e8b465ee728b)  -> (artifact id: '3d3e15458f4495ec9f9cb0d969fec70b') in 0.007275 seconds
  Import took 0.010071 seconds .

========================================================================
Received Import Request.
  Time since last request: 0.000270 seconds.
  path: Assets/Scenes/SampleScene.unity
  artifactKey: Guid(9fc0d4010bbf28b4594072e72b8655ab) Importer(815301076,1909f56bfc062723c751e8b465ee728b)
Start importing Assets/Scenes/SampleScene.unity using Guid(9fc0d4010bbf28b4594072e72b8655ab) Importer(815301076,1909f56bfc062723c751e8b465ee728b)  -> (artifact id: '9831e44e2a700a6e1119228b2d38e767') in 0.010383 seconds
  Import took 0.012267 seconds .

